2024-03-01 12:48:54,340 [main] INFO  com.app.Application                                - Starting Application using Java 17.0.8.1 with PID 22460 (D:\Ravi\sandya\Realtime\55_Spring_Rest_Junit_Jcoco\target\classes started by Lenovo in D:\Ravi\sandya\Realtime\55_Spring_Rest_Junit_Jcoco)
2024-03-01 12:48:54,346 [main] INFO  com.app.Application                                - No active profile set, falling back to 1 default profile: "default"
2024-03-01 12:48:55,483 [main] INFO  o.s.b.w.embedded.tomcat.TomcatWebServer            - Tomcat initialized with port 8080 (http)
2024-03-01 12:48:55,499 [main] INFO  o.apache.coyote.http11.Http11NioProtocol           - Initializing ProtocolHandler ["http-nio-8080"]
2024-03-01 12:48:55,502 [main] INFO  o.apache.catalina.core.StandardService             - Starting service [Tomcat]
2024-03-01 12:48:55,503 [main] INFO  org.apache.catalina.core.StandardEngine            - Starting Servlet engine: [Apache Tomcat/10.1.19]
2024-03-01 12:48:55,573 [main] INFO  o.a.c.c.C.[Tomcat].[localhost].[/]                 - Initializing Spring embedded WebApplicationContext
2024-03-01 12:48:55,574 [main] INFO  o.s.b.w.s.c.ServletWebServerApplicationContext     - Root WebApplicationContext: initialization completed in 1151 ms
2024-03-01 12:48:56,049 [main] INFO  o.apache.coyote.http11.Http11NioProtocol           - Starting ProtocolHandler ["http-nio-8080"]
2024-03-01 12:48:56,116 [main] INFO  o.s.b.w.embedded.tomcat.TomcatWebServer            - Tomcat started on port 8080 (http) with context path ''
2024-03-01 12:48:56,128 [main] INFO  com.app.Application                                - Started Application in 2.226 seconds (process running for 3.658)
2024-03-01 12:49:42,196 [http-nio-8080-exec-1] INFO  o.a.c.c.C.[Tomcat].[localhost].[/]                 - Initializing Spring DispatcherServlet 'dispatcherServlet'
2024-03-01 12:49:42,196 [http-nio-8080-exec-1] INFO  o.s.web.servlet.DispatcherServlet                  - Initializing Servlet 'dispatcherServlet'
2024-03-01 12:49:42,196 [http-nio-8080-exec-1] INFO  o.s.web.servlet.DispatcherServlet                  - Completed initialization in 0 ms
2024-03-01 12:50:28,073 [http-nio-8080-exec-9] INFO  com.app.controller.WelcomeController               - Started Welcome Msg()
2024-03-01 12:50:28,074 [http-nio-8080-exec-9] INFO  com.app.controller.WelcomeController               - Welcome Msg() execution done
2024-03-01 12:50:51,171 [RMI TCP Connection(5)-127.0.0.1] INFO  o.s.b.a.SpringApplicationAdminMXBeanRegistrar$SpringApplicationAdmin - Application shutdown requested.
2024-03-01 12:50:51,176 [RMI TCP Connection(5)-127.0.0.1] INFO  o.apache.coyote.http11.Http11NioProtocol           - Stopping ProtocolHandler ["http-nio-8080"]
2024-03-01 12:50:58,896 [main] INFO  com.app.Application                                - Starting Application using Java 17.0.8.1 with PID 3648 (D:\Ravi\sandya\Realtime\55_Spring_Rest_Junit_Jcoco\target\classes started by Lenovo in D:\Ravi\sandya\Realtime\55_Spring_Rest_Junit_Jcoco)
2024-03-01 12:50:58,898 [main] INFO  com.app.Application                                - No active profile set, falling back to 1 default profile: "default"
2024-03-01 12:50:59,836 [main] INFO  o.s.b.w.embedded.tomcat.TomcatWebServer            - Tomcat initialized with port 8080 (http)
2024-03-01 12:50:59,850 [main] INFO  o.apache.coyote.http11.Http11NioProtocol           - Initializing ProtocolHandler ["http-nio-8080"]
2024-03-01 12:50:59,853 [main] INFO  o.apache.catalina.core.StandardService             - Starting service [Tomcat]
2024-03-01 12:50:59,853 [main] INFO  org.apache.catalina.core.StandardEngine            - Starting Servlet engine: [Apache Tomcat/10.1.19]
2024-03-01 12:50:59,918 [main] INFO  o.a.c.c.C.[Tomcat].[localhost].[/]                 - Initializing Spring embedded WebApplicationContext
2024-03-01 12:50:59,918 [main] INFO  o.s.b.w.s.c.ServletWebServerApplicationContext     - Root WebApplicationContext: initialization completed in 962 ms
2024-03-01 12:51:00,308 [main] INFO  o.apache.coyote.http11.Http11NioProtocol           - Starting ProtocolHandler ["http-nio-8080"]
2024-03-01 12:51:00,332 [main] INFO  o.s.b.w.embedded.tomcat.TomcatWebServer            - Tomcat started on port 8080 (http) with context path ''
2024-03-01 12:51:00,342 [main] INFO  com.app.Application                                - Started Application in 1.859 seconds (process running for 2.866)
2024-03-01 12:51:10,129 [http-nio-8080-exec-1] INFO  o.a.c.c.C.[Tomcat].[localhost].[/]                 - Initializing Spring DispatcherServlet 'dispatcherServlet'
2024-03-01 12:51:10,129 [http-nio-8080-exec-1] INFO  o.s.web.servlet.DispatcherServlet                  - Initializing Servlet 'dispatcherServlet'
2024-03-01 12:51:10,129 [http-nio-8080-exec-1] INFO  o.s.web.servlet.DispatcherServlet                  - Completed initialization in 0 ms
2024-03-01 12:58:56,763 [RMI TCP Connection(11)-127.0.0.1] INFO  o.s.b.a.SpringApplicationAdminMXBeanRegistrar$SpringApplicationAdmin - Application shutdown requested.
2024-03-01 12:58:56,767 [RMI TCP Connection(11)-127.0.0.1] INFO  o.apache.coyote.http11.Http11NioProtocol           - Stopping ProtocolHandler ["http-nio-8080"]
2024-03-01 12:59:39,987 [main] INFO  o.s.t.c.s.AnnotationConfigContextLoaderUtils       - Could not detect default configuration classes for test class [com.app.ApplicationTests]: ApplicationTests does not declare any static, non-private, non-final, nested classes annotated with @Configuration.
2024-03-01 12:59:40,350 [main] INFO  o.s.b.t.c.SpringBootTestContextBootstrapper        - Found @SpringBootConfiguration com.app.Application for test class com.app.ApplicationTests
2024-03-01 12:59:41,458 [main] INFO  com.app.ApplicationTests                           - Starting ApplicationTests using Java 17.0.8.1 with PID 844 (started by Lenovo in D:\Ravi\sandya\Realtime\55_Spring_Rest_Junit_Jcoco)
2024-03-01 12:59:41,460 [main] INFO  com.app.ApplicationTests                           - No active profile set, falling back to 1 default profile: "default"
2024-03-01 12:59:44,114 [main] INFO  com.app.ApplicationTests                           - Started ApplicationTests in 3.296 seconds (process running for 7.805)
2024-03-01 12:59:46,261 [main] INFO  o.s.t.c.s.AnnotationConfigContextLoaderUtils       - Could not detect default configuration classes for test class [com.app.controller.UserControllerTest]: UserControllerTest does not declare any static, non-private, non-final, nested classes annotated with @Configuration.
2024-03-01 12:59:46,316 [main] INFO  o.s.b.t.c.SpringBootTestContextBootstrapper        - Found @SpringBootConfiguration com.app.Application for test class com.app.controller.UserControllerTest
2024-03-01 12:59:46,380 [main] INFO  com.app.controller.UserControllerTest              - Starting UserControllerTest using Java 17.0.8.1 with PID 844 (started by Lenovo in D:\Ravi\sandya\Realtime\55_Spring_Rest_Junit_Jcoco)
2024-03-01 12:59:46,381 [main] INFO  com.app.controller.UserControllerTest              - No active profile set, falling back to 1 default profile: "default"
2024-03-01 12:59:47,246 [main] INFO  o.s.b.t.m.w.SpringBootMockServletContext           - Initializing Spring TestDispatcherServlet ''
2024-03-01 12:59:47,248 [main] INFO  o.s.t.web.servlet.TestDispatcherServlet            - Initializing Servlet ''
2024-03-01 12:59:47,251 [main] INFO  o.s.t.web.servlet.TestDispatcherServlet            - Completed initialization in 3 ms
2024-03-01 12:59:47,282 [main] INFO  com.app.controller.UserControllerTest              - Started UserControllerTest in 0.946 seconds (process running for 10.973)
2024-03-01 12:59:47,673 [main] INFO  o.s.t.c.s.AnnotationConfigContextLoaderUtils       - Could not detect default configuration classes for test class [com.app.controller.WelcomeControllerTest]: WelcomeControllerTest does not declare any static, non-private, non-final, nested classes annotated with @Configuration.
2024-03-01 12:59:47,701 [main] INFO  o.s.b.t.c.SpringBootTestContextBootstrapper        - Found @SpringBootConfiguration com.app.Application for test class com.app.controller.WelcomeControllerTest
2024-03-01 12:59:47,774 [main] INFO  c.app.controller.WelcomeControllerTest             - Starting WelcomeControllerTest using Java 17.0.8.1 with PID 844 (started by Lenovo in D:\Ravi\sandya\Realtime\55_Spring_Rest_Junit_Jcoco)
2024-03-01 12:59:47,775 [main] INFO  c.app.controller.WelcomeControllerTest             - No active profile set, falling back to 1 default profile: "default"
2024-03-01 12:59:48,229 [main] INFO  o.s.b.t.m.w.SpringBootMockServletContext           - Initializing Spring TestDispatcherServlet ''
2024-03-01 12:59:48,230 [main] INFO  o.s.t.web.servlet.TestDispatcherServlet            - Initializing Servlet ''
2024-03-01 12:59:48,231 [main] INFO  o.s.t.web.servlet.TestDispatcherServlet            - Completed initialization in 1 ms
2024-03-01 12:59:48,246 [main] INFO  c.app.controller.WelcomeControllerTest             - Started WelcomeControllerTest in 0.534 seconds (process running for 11.937)
2024-03-01 12:59:48,266 [main] INFO  com.app.controller.WelcomeController               - Started Welcome Msg()
2024-03-01 12:59:48,267 [main] INFO  com.app.controller.WelcomeController               - Welcome Msg() execution done
2024-03-01 12:59:48,293 [main] INFO  com.app.controller.WelcomeController               - Started Greet Msg()
2024-03-01 12:59:48,294 [main] INFO  com.app.controller.WelcomeController               - Greet Msg() execution done
2024-03-01 13:10:28,812 [main] INFO  o.s.t.c.s.AnnotationConfigContextLoaderUtils       - Could not detect default configuration classes for test class [com.app.service.UserServiceTest]: UserServiceTest does not declare any static, non-private, non-final, nested classes annotated with @Configuration.
2024-03-01 13:10:28,977 [main] INFO  o.s.b.t.c.SpringBootTestContextBootstrapper        - Found @SpringBootConfiguration com.app.Application for test class com.app.service.UserServiceTest
2024-03-01 13:10:29,593 [main] INFO  com.app.service.UserServiceTest                    - Starting UserServiceTest using Java 17.0.8.1 with PID 6028 (started by Lenovo in D:\Ravi\sandya\Realtime\55_Spring_Rest_Junit_Jcoco)
2024-03-01 13:10:29,596 [main] INFO  com.app.service.UserServiceTest                    - No active profile set, falling back to 1 default profile: "default"
2024-03-01 13:10:32,845 [main] INFO  com.app.service.UserServiceTest                    - Started UserServiceTest in 3.614 seconds (process running for 5.379)
2024-03-01 13:10:45,830 [main] INFO  o.s.t.c.s.AnnotationConfigContextLoaderUtils       - Could not detect default configuration classes for test class [com.app.service.UserServiceTest]: UserServiceTest does not declare any static, non-private, non-final, nested classes annotated with @Configuration.
2024-03-01 13:10:46,080 [main] INFO  o.s.b.t.c.SpringBootTestContextBootstrapper        - Found @SpringBootConfiguration com.app.Application for test class com.app.service.UserServiceTest
2024-03-01 13:10:46,883 [main] INFO  com.app.service.UserServiceTest                    - Starting UserServiceTest using Java 17.0.8.1 with PID 8524 (started by Lenovo in D:\Ravi\sandya\Realtime\55_Spring_Rest_Junit_Jcoco)
2024-03-01 13:10:46,885 [main] INFO  com.app.service.UserServiceTest                    - No active profile set, falling back to 1 default profile: "default"
2024-03-01 13:10:50,788 [main] INFO  com.app.service.UserServiceTest                    - Started UserServiceTest in 4.371 seconds (process running for 6.957)
2024-03-01 13:11:43,399 [main] INFO  com.app.Application                                - Starting Application using Java 17.0.8.1 with PID 17828 (D:\Ravi\sandya\Realtime\55_Spring_Rest_Junit_Jcoco\target\classes started by Lenovo in D:\Ravi\sandya\Realtime\55_Spring_Rest_Junit_Jcoco)
2024-03-01 13:11:43,402 [main] INFO  com.app.Application                                - No active profile set, falling back to 1 default profile: "default"
2024-03-01 13:11:44,377 [main] INFO  o.s.b.w.embedded.tomcat.TomcatWebServer            - Tomcat initialized with port 8080 (http)
2024-03-01 13:11:44,389 [main] INFO  o.apache.coyote.http11.Http11NioProtocol           - Initializing ProtocolHandler ["http-nio-8080"]
2024-03-01 13:11:44,391 [main] INFO  o.apache.catalina.core.StandardService             - Starting service [Tomcat]
2024-03-01 13:11:44,391 [main] INFO  org.apache.catalina.core.StandardEngine            - Starting Servlet engine: [Apache Tomcat/10.1.19]
2024-03-01 13:11:44,452 [main] INFO  o.a.c.c.C.[Tomcat].[localhost].[/]                 - Initializing Spring embedded WebApplicationContext
2024-03-01 13:11:44,453 [main] INFO  o.s.b.w.s.c.ServletWebServerApplicationContext     - Root WebApplicationContext: initialization completed in 989 ms
2024-03-01 13:11:44,848 [main] INFO  o.apache.coyote.http11.Http11NioProtocol           - Starting ProtocolHandler ["http-nio-8080"]
2024-03-01 13:11:44,871 [main] INFO  o.s.b.w.embedded.tomcat.TomcatWebServer            - Tomcat started on port 8080 (http) with context path ''
2024-03-01 13:11:44,882 [main] INFO  com.app.Application                                - Started Application in 1.905 seconds (process running for 2.909)
2024-03-01 13:11:45,933 [RMI TCP Connection(2)-127.0.0.1] INFO  o.s.b.a.SpringApplicationAdminMXBeanRegistrar$SpringApplicationAdmin - Application shutdown requested.
2024-03-01 13:11:45,937 [RMI TCP Connection(2)-127.0.0.1] INFO  o.apache.coyote.http11.Http11NioProtocol           - Stopping ProtocolHandler ["http-nio-8080"]
2024-03-01 13:12:04,435 [main] INFO  o.s.t.c.s.AnnotationConfigContextLoaderUtils       - Could not detect default configuration classes for test class [com.app.ApplicationTests]: ApplicationTests does not declare any static, non-private, non-final, nested classes annotated with @Configuration.
2024-03-01 13:12:04,786 [main] INFO  o.s.b.t.c.SpringBootTestContextBootstrapper        - Found @SpringBootConfiguration com.app.Application for test class com.app.ApplicationTests
2024-03-01 13:12:06,359 [main] INFO  com.app.ApplicationTests                           - Starting ApplicationTests using Java 17.0.8.1 with PID 9872 (started by Lenovo in D:\Ravi\sandya\Realtime\55_Spring_Rest_Junit_Jcoco)
2024-03-01 13:12:06,359 [main] INFO  com.app.ApplicationTests                           - No active profile set, falling back to 1 default profile: "default"
2024-03-01 13:12:09,558 [main] INFO  com.app.ApplicationTests                           - Started ApplicationTests in 4.207 seconds (process running for 8.513)
2024-03-01 13:12:11,588 [main] INFO  o.s.t.c.s.AnnotationConfigContextLoaderUtils       - Could not detect default configuration classes for test class [com.app.controller.UserControllerTest]: UserControllerTest does not declare any static, non-private, non-final, nested classes annotated with @Configuration.
2024-03-01 13:12:11,671 [main] INFO  o.s.b.t.c.SpringBootTestContextBootstrapper        - Found @SpringBootConfiguration com.app.Application for test class com.app.controller.UserControllerTest
2024-03-01 13:12:11,738 [main] INFO  com.app.controller.UserControllerTest              - Starting UserControllerTest using Java 17.0.8.1 with PID 9872 (started by Lenovo in D:\Ravi\sandya\Realtime\55_Spring_Rest_Junit_Jcoco)
2024-03-01 13:12:11,738 [main] INFO  com.app.controller.UserControllerTest              - No active profile set, falling back to 1 default profile: "default"
2024-03-01 13:12:12,751 [main] INFO  o.s.b.t.m.w.SpringBootMockServletContext           - Initializing Spring TestDispatcherServlet ''
2024-03-01 13:12:12,751 [main] INFO  o.s.t.web.servlet.TestDispatcherServlet            - Initializing Servlet ''
2024-03-01 13:12:12,751 [main] INFO  o.s.t.web.servlet.TestDispatcherServlet            - Completed initialization in 0 ms
2024-03-01 13:12:12,782 [main] INFO  com.app.controller.UserControllerTest              - Started UserControllerTest in 1.094 seconds (process running for 11.739)
2024-03-01 13:12:13,213 [main] INFO  o.s.t.c.s.AnnotationConfigContextLoaderUtils       - Could not detect default configuration classes for test class [com.app.controller.WelcomeControllerTest]: WelcomeControllerTest does not declare any static, non-private, non-final, nested classes annotated with @Configuration.
2024-03-01 13:12:13,283 [main] INFO  o.s.b.t.c.SpringBootTestContextBootstrapper        - Found @SpringBootConfiguration com.app.Application for test class com.app.controller.WelcomeControllerTest
2024-03-01 13:12:13,388 [main] INFO  c.app.controller.WelcomeControllerTest             - Starting WelcomeControllerTest using Java 17.0.8.1 with PID 9872 (started by Lenovo in D:\Ravi\sandya\Realtime\55_Spring_Rest_Junit_Jcoco)
2024-03-01 13:12:13,388 [main] INFO  c.app.controller.WelcomeControllerTest             - No active profile set, falling back to 1 default profile: "default"
2024-03-01 13:12:13,974 [main] INFO  o.s.b.t.m.w.SpringBootMockServletContext           - Initializing Spring TestDispatcherServlet ''
2024-03-01 13:12:13,974 [main] INFO  o.s.t.web.servlet.TestDispatcherServlet            - Initializing Servlet ''
2024-03-01 13:12:13,974 [main] INFO  o.s.t.web.servlet.TestDispatcherServlet            - Completed initialization in 0 ms
2024-03-01 13:12:13,990 [main] INFO  c.app.controller.WelcomeControllerTest             - Started WelcomeControllerTest in 0.684 seconds (process running for 12.941)
2024-03-01 13:12:14,006 [main] INFO  com.app.controller.WelcomeController               - Started Welcome Msg()
2024-03-01 13:12:14,006 [main] INFO  com.app.controller.WelcomeController               - Welcome Msg() execution done
2024-03-01 13:12:14,037 [main] INFO  com.app.controller.WelcomeController               - Started Greet Msg()
2024-03-01 13:12:14,037 [main] INFO  com.app.controller.WelcomeController               - Greet Msg() execution done
2024-03-01 13:12:14,068 [main] INFO  o.s.t.c.s.AnnotationConfigContextLoaderUtils       - Could not detect default configuration classes for test class [com.app.service.UserServiceTest]: UserServiceTest does not declare any static, non-private, non-final, nested classes annotated with @Configuration.
2024-03-01 13:12:14,084 [main] INFO  o.s.b.t.c.SpringBootTestContextBootstrapper        - Found @SpringBootConfiguration com.app.Application for test class com.app.service.UserServiceTest
2024-03-01 13:12:14,131 [main] INFO  com.app.service.UserServiceTest                    - Starting UserServiceTest using Java 17.0.8.1 with PID 9872 (started by Lenovo in D:\Ravi\sandya\Realtime\55_Spring_Rest_Junit_Jcoco)
2024-03-01 13:12:14,131 [main] INFO  com.app.service.UserServiceTest                    - No active profile set, falling back to 1 default profile: "default"
2024-03-01 13:12:14,875 [main] INFO  com.app.service.UserServiceTest                    - Started UserServiceTest in 0.791 seconds (process running for 13.828)
2024-03-01 13:26:30,984 [main] INFO  o.s.t.c.s.AnnotationConfigContextLoaderUtils       - Could not detect default configuration classes for test class [com.app.service.UserServiceTest]: UserServiceTest does not declare any static, non-private, non-final, nested classes annotated with @Configuration.
2024-03-01 13:26:31,214 [main] INFO  o.s.b.t.c.SpringBootTestContextBootstrapper        - Found @SpringBootConfiguration com.app.Application for test class com.app.service.UserServiceTest
2024-03-01 13:26:32,009 [main] INFO  com.app.service.UserServiceTest                    - Starting UserServiceTest using Java 17.0.8.1 with PID 13928 (started by Lenovo in D:\Ravi\sandya\Realtime\55_Spring_Rest_Junit_Jcoco)
2024-03-01 13:26:32,012 [main] INFO  com.app.service.UserServiceTest                    - No active profile set, falling back to 1 default profile: "default"
2024-03-01 13:26:35,311 [main] INFO  com.app.service.UserServiceTest                    - Started UserServiceTest in 3.761 seconds (process running for 6.437)
2024-03-01 13:28:34,914 [main] INFO  o.s.t.c.s.AnnotationConfigContextLoaderUtils       - Could not detect default configuration classes for test class [com.app.service.UserServiceTest]: UserServiceTest does not declare any static, non-private, non-final, nested classes annotated with @Configuration.
2024-03-01 13:28:35,109 [main] INFO  o.s.b.t.c.SpringBootTestContextBootstrapper        - Found @SpringBootConfiguration com.app.Application for test class com.app.service.UserServiceTest
2024-03-01 13:28:35,705 [main] INFO  com.app.service.UserServiceTest                    - Starting UserServiceTest using Java 17.0.8.1 with PID 17920 (started by Lenovo in D:\Ravi\sandya\Realtime\55_Spring_Rest_Junit_Jcoco)
2024-03-01 13:28:35,706 [main] INFO  com.app.service.UserServiceTest                    - No active profile set, falling back to 1 default profile: "default"
2024-03-01 13:28:38,108 [main] INFO  com.app.service.UserServiceTest                    - Started UserServiceTest in 2.751 seconds (process running for 4.552)
2024-03-01 15:00:58,815 [main] INFO  o.s.t.c.s.AnnotationConfigContextLoaderUtils       - Could not detect default configuration classes for test class [com.app.service.UserServiceTest]: UserServiceTest does not declare any static, non-private, non-final, nested classes annotated with @Configuration.
2024-03-01 15:00:58,983 [main] INFO  o.s.b.t.c.SpringBootTestContextBootstrapper        - Found @SpringBootConfiguration com.app.Application for test class com.app.service.UserServiceTest
2024-03-01 15:00:59,585 [main] INFO  com.app.service.UserServiceTest                    - Starting UserServiceTest using Java 17.0.8.1 with PID 9748 (started by Lenovo in D:\Ravi\sandya\Realtime\55_Spring_Rest_Junit_Jcoco)
2024-03-01 15:00:59,587 [main] INFO  com.app.service.UserServiceTest                    - No active profile set, falling back to 1 default profile: "default"
2024-03-01 15:01:02,120 [main] INFO  com.app.service.UserServiceTest                    - Started UserServiceTest in 2.892 seconds (process running for 4.76)
2024-03-01 15:17:03,530 [main] INFO  o.s.t.c.s.AnnotationConfigContextLoaderUtils       - Could not detect default configuration classes for test class [com.app.service.UserServiceTest]: UserServiceTest does not declare any static, non-private, non-final, nested classes annotated with @Configuration.
2024-03-01 15:17:03,725 [main] INFO  o.s.b.t.c.SpringBootTestContextBootstrapper        - Found @SpringBootConfiguration com.app.Application for test class com.app.service.UserServiceTest
2024-03-01 15:17:04,330 [main] INFO  com.app.service.UserServiceTest                    - Starting UserServiceTest using Java 17.0.8.1 with PID 11044 (started by Lenovo in D:\Ravi\sandya\Realtime\55_Spring_Rest_Junit_Jcoco)
2024-03-01 15:17:04,332 [main] INFO  com.app.service.UserServiceTest                    - No active profile set, falling back to 1 default profile: "default"
2024-03-01 15:17:06,786 [main] INFO  com.app.service.UserServiceTest                    - Started UserServiceTest in 2.812 seconds (process running for 4.751)
2024-03-01 15:20:16,736 [main] INFO  o.s.t.c.s.AnnotationConfigContextLoaderUtils       - Could not detect default configuration classes for test class [com.app.service.UserServiceTest]: UserServiceTest does not declare any static, non-private, non-final, nested classes annotated with @Configuration.
2024-03-01 15:20:16,950 [main] INFO  o.s.b.t.c.SpringBootTestContextBootstrapper        - Found @SpringBootConfiguration com.app.Application for test class com.app.service.UserServiceTest
2024-03-01 15:20:17,685 [main] INFO  com.app.service.UserServiceTest                    - Starting UserServiceTest using Java 17.0.8.1 with PID 22904 (started by Lenovo in D:\Ravi\sandya\Realtime\55_Spring_Rest_Junit_Jcoco)
2024-03-01 15:20:17,687 [main] INFO  com.app.service.UserServiceTest                    - No active profile set, falling back to 1 default profile: "default"
2024-03-01 15:20:20,568 [main] INFO  com.app.service.UserServiceTest                    - Started UserServiceTest in 3.328 seconds (process running for 5.626)
2024-03-01 15:21:12,845 [main] INFO  o.s.t.c.s.AnnotationConfigContextLoaderUtils       - Could not detect default configuration classes for test class [com.app.ApplicationTests]: ApplicationTests does not declare any static, non-private, non-final, nested classes annotated with @Configuration.
2024-03-01 15:21:13,134 [main] INFO  o.s.b.t.c.SpringBootTestContextBootstrapper        - Found @SpringBootConfiguration com.app.Application for test class com.app.ApplicationTests
2024-03-01 15:21:14,222 [main] INFO  com.app.ApplicationTests                           - Starting ApplicationTests using Java 17.0.8.1 with PID 8052 (started by Lenovo in D:\Ravi\sandya\Realtime\55_Spring_Rest_Junit_Jcoco)
2024-03-01 15:21:14,224 [main] INFO  com.app.ApplicationTests                           - No active profile set, falling back to 1 default profile: "default"
2024-03-01 15:21:16,765 [main] INFO  com.app.ApplicationTests                           - Started ApplicationTests in 3.18 seconds (process running for 6.517)
2024-03-01 15:21:17,976 [main] INFO  o.s.t.c.s.AnnotationConfigContextLoaderUtils       - Could not detect default configuration classes for test class [com.app.controller.UserControllerTest]: UserControllerTest does not declare any static, non-private, non-final, nested classes annotated with @Configuration.
2024-03-01 15:21:18,040 [main] INFO  o.s.b.t.c.SpringBootTestContextBootstrapper        - Found @SpringBootConfiguration com.app.Application for test class com.app.controller.UserControllerTest
2024-03-01 15:21:18,086 [main] INFO  com.app.controller.UserControllerTest              - Starting UserControllerTest using Java 17.0.8.1 with PID 8052 (started by Lenovo in D:\Ravi\sandya\Realtime\55_Spring_Rest_Junit_Jcoco)
2024-03-01 15:21:18,087 [main] INFO  com.app.controller.UserControllerTest              - No active profile set, falling back to 1 default profile: "default"
2024-03-01 15:21:18,657 [main] INFO  o.s.b.t.m.w.SpringBootMockServletContext           - Initializing Spring TestDispatcherServlet ''
2024-03-01 15:21:18,658 [main] INFO  o.s.t.web.servlet.TestDispatcherServlet            - Initializing Servlet ''
2024-03-01 15:21:18,659 [main] INFO  o.s.t.web.servlet.TestDispatcherServlet            - Completed initialization in 1 ms
2024-03-01 15:21:18,672 [main] INFO  com.app.controller.UserControllerTest              - Started UserControllerTest in 0.625 seconds (process running for 8.424)
2024-03-01 15:21:18,894 [main] INFO  o.s.t.c.s.AnnotationConfigContextLoaderUtils       - Could not detect default configuration classes for test class [com.app.controller.WelcomeControllerTest]: WelcomeControllerTest does not declare any static, non-private, non-final, nested classes annotated with @Configuration.
2024-03-01 15:21:18,912 [main] INFO  o.s.b.t.c.SpringBootTestContextBootstrapper        - Found @SpringBootConfiguration com.app.Application for test class com.app.controller.WelcomeControllerTest
2024-03-01 15:21:18,960 [main] INFO  c.app.controller.WelcomeControllerTest             - Starting WelcomeControllerTest using Java 17.0.8.1 with PID 8052 (started by Lenovo in D:\Ravi\sandya\Realtime\55_Spring_Rest_Junit_Jcoco)
2024-03-01 15:21:18,961 [main] INFO  c.app.controller.WelcomeControllerTest             - No active profile set, falling back to 1 default profile: "default"
2024-03-01 15:21:19,255 [main] INFO  o.s.b.t.m.w.SpringBootMockServletContext           - Initializing Spring TestDispatcherServlet ''
2024-03-01 15:21:19,256 [main] INFO  o.s.t.web.servlet.TestDispatcherServlet            - Initializing Servlet ''
2024-03-01 15:21:19,257 [main] INFO  o.s.t.web.servlet.TestDispatcherServlet            - Completed initialization in 1 ms
2024-03-01 15:21:19,264 [main] INFO  c.app.controller.WelcomeControllerTest             - Started WelcomeControllerTest in 0.345 seconds (process running for 9.017)
2024-03-01 15:21:19,275 [main] INFO  com.app.controller.WelcomeController               - Started Welcome Msg()
2024-03-01 15:21:19,276 [main] INFO  com.app.controller.WelcomeController               - Welcome Msg() execution done
2024-03-01 15:21:19,295 [main] INFO  com.app.controller.WelcomeController               - Started Greet Msg()
2024-03-01 15:21:19,295 [main] INFO  com.app.controller.WelcomeController               - Greet Msg() execution done
2024-03-01 15:21:19,318 [main] INFO  o.s.t.c.s.AnnotationConfigContextLoaderUtils       - Could not detect default configuration classes for test class [com.app.service.UserServiceTest]: UserServiceTest does not declare any static, non-private, non-final, nested classes annotated with @Configuration.
2024-03-01 15:21:19,331 [main] INFO  o.s.b.t.c.SpringBootTestContextBootstrapper        - Found @SpringBootConfiguration com.app.Application for test class com.app.service.UserServiceTest
2024-03-01 15:21:19,372 [main] INFO  com.app.service.UserServiceTest                    - Starting UserServiceTest using Java 17.0.8.1 with PID 8052 (started by Lenovo in D:\Ravi\sandya\Realtime\55_Spring_Rest_Junit_Jcoco)
2024-03-01 15:21:19,372 [main] INFO  com.app.service.UserServiceTest                    - No active profile set, falling back to 1 default profile: "default"
2024-03-01 15:21:19,768 [main] INFO  com.app.service.UserServiceTest                    - Started UserServiceTest in 0.43 seconds (process running for 9.52)
2024-03-01 15:21:43,512 [main] INFO  o.s.t.c.s.AnnotationConfigContextLoaderUtils       - Could not detect default configuration classes for test class [com.app.service.UserServiceTest]: UserServiceTest does not declare any static, non-private, non-final, nested classes annotated with @Configuration.
2024-03-01 15:21:43,754 [main] INFO  o.s.b.t.c.SpringBootTestContextBootstrapper        - Found @SpringBootConfiguration com.app.Application for test class com.app.service.UserServiceTest
2024-03-01 15:21:44,583 [main] INFO  com.app.service.UserServiceTest                    - Starting UserServiceTest using Java 17.0.8.1 with PID 19340 (started by Lenovo in D:\Ravi\sandya\Realtime\55_Spring_Rest_Junit_Jcoco)
2024-03-01 15:21:44,585 [main] INFO  com.app.service.UserServiceTest                    - No active profile set, falling back to 1 default profile: "default"
2024-03-01 15:21:47,733 [main] INFO  com.app.service.UserServiceTest                    - Started UserServiceTest in 3.639 seconds (process running for 6.289)
